<?xml version="1.0" encoding="UTF-8"?>
<coverage generated="1773510314073" clover="3.2.0">
  <project timestamp="1773510314073" name="All files">
    <metrics statements="280" coveredstatements="229" conditionals="126" coveredconditionals="87" methods="59" coveredmethods="50" elements="465" coveredelements="366" complexity="0" loc="280" ncloc="280" packages="1" files="6" classes="6"/>
    <file name="audit_trail.ts" path="/home/z/my-project/src/shared/core_functions/audit_trail.ts">
      <metrics statements="49" coveredstatements="44" conditionals="6" coveredconditionals="3" methods="14" coveredmethods="13"/>
      <line num="2" count="1" type="stmt"/>
      <line num="3" count="1" type="stmt"/>
      <line num="27" count="1" type="stmt"/>
      <line num="28" count="1" type="stmt"/>
      <line num="32" count="41" type="stmt"/>
      <line num="37" count="61" type="stmt"/>
      <line num="46" count="61" type="stmt"/>
      <line num="50" count="1" type="stmt"/>
      <line num="66" count="41" type="stmt"/>
      <line num="68" count="41" type="stmt"/>
      <line num="69" count="41" type="stmt"/>
      <line num="71" count="41" type="stmt"/>
      <line num="91" count="41" type="stmt"/>
      <line num="92" count="41" type="stmt"/>
      <line num="98" count="41" type="stmt"/>
      <line num="101" count="41" type="stmt"/>
      <line num="103" count="41" type="stmt"/>
      <line num="109" count="41" type="stmt"/>
      <line num="113" count="1" type="stmt"/>
      <line num="114" count="3" type="stmt"/>
      <line num="115" count="17" type="stmt"/>
      <line num="118" count="3" type="cond" truecount="1" falsecount="1"/>
      <line num="119" count="0" type="stmt"/>
      <line num="122" count="3" type="stmt"/>
      <line num="124" count="3" type="stmt"/>
      <line num="126" count="20" type="cond" truecount="1" falsecount="1"/>
      <line num="127" count="0" type="stmt"/>
      <line num="135" count="20" type="stmt"/>
      <line num="136" count="20" type="cond" truecount="1" falsecount="1"/>
      <line num="137" count="0" type="stmt"/>
      <line num="144" count="20" type="stmt"/>
      <line num="147" count="3" type="stmt"/>
      <line num="151" count="1" type="stmt"/>
      <line num="152" count="2" type="stmt"/>
      <line num="153" count="6" type="stmt"/>
      <line num="154" count="1" type="stmt"/>
      <line num="158" count="1" type="stmt"/>
      <line num="159" count="1" type="stmt"/>
      <line num="163" count="1" type="stmt"/>
      <line num="164" count="2" type="stmt"/>
      <line num="168" count="1" type="stmt"/>
      <line num="169" count="4" type="stmt"/>
      <line num="170" count="15" type="stmt"/>
      <line num="174" count="1" type="stmt"/>
      <line num="175" count="36" type="stmt"/>
      <line num="176" count="36" type="stmt"/>
      <line num="180" count="1" type="stmt"/>
      <line num="181" count="0" type="stmt"/>
      <line num="182" count="0" type="stmt"/>
    </file>
    <file name="compliance.ts" path="/home/z/my-project/src/shared/core_functions/compliance.ts">
      <metrics statements="57" coveredstatements="51" conditionals="29" coveredconditionals="22" methods="11" coveredmethods="10"/>
      <line num="2" count="1" type="stmt"/>
      <line num="4" count="1" type="stmt"/>
      <line num="7" count="1" type="stmt"/>
      <line num="10" count="1" type="stmt"/>
      <line num="11" count="3" type="stmt"/>
      <line num="13" count="3" type="stmt"/>
      <line num="14" count="8" type="stmt"/>
      <line num="15" count="35" type="stmt"/>
      <line num="17" count="8" type="cond" truecount="4" falsecount="0"/>
      <line num="18" count="4" type="stmt"/>
      <line num="22" count="3" type="stmt"/>
      <line num="26" count="1" type="stmt"/>
      <line num="27" count="3" type="cond" truecount="3" falsecount="1"/>
      <line num="29" count="1" type="stmt"/>
      <line num="30" count="1" type="cond" truecount="1" falsecount="1"/>
      <line num="31" count="1" type="stmt"/>
      <line num="32" count="1" type="stmt"/>
      <line num="35" count="1" type="stmt"/>
      <line num="38" count="1" type="stmt"/>
      <line num="41" count="0" type="stmt"/>
      <line num="52" count="1" type="stmt"/>
      <line num="61" count="1" type="stmt"/>
      <line num="66" count="4" type="stmt"/>
      <line num="68" count="2" type="cond" truecount="1" falsecount="1"/>
      <line num="69" count="0" type="stmt"/>
      <line num="72" count="2" type="stmt"/>
      <line num="73" count="2" type="stmt"/>
      <line num="74" count="2" type="stmt"/>
      <line num="76" count="2" type="stmt"/>
      <line num="80" count="1" type="stmt"/>
      <line num="84" count="8" type="stmt"/>
      <line num="85" count="3" type="cond" truecount="4" falsecount="2"/>
      <line num="89" count="1" type="stmt"/>
      <line num="98" count="0" type="stmt"/>
      <line num="109" count="0" type="stmt"/>
      <line num="111" count="0" type="stmt"/>
      <line num="124" count="1" type="stmt"/>
      <line num="168" count="1" type="stmt"/>
      <line num="170" count="9" type="stmt"/>
      <line num="173" count="9" type="cond" truecount="2" falsecount="0"/>
      <line num="174" count="8" type="stmt"/>
      <line num="178" count="1" type="stmt"/>
      <line num="179" count="1" type="cond" truecount="1" falsecount="1"/>
      <line num="180" count="0" type="stmt"/>
      <line num="184" count="1" type="stmt"/>
      <line num="188" count="1" type="stmt"/>
      <line num="193" count="4" type="cond" truecount="2" falsecount="0"/>
      <line num="194" count="1" type="stmt"/>
      <line num="197" count="3" type="stmt"/>
      <line num="200" count="3" type="cond" truecount="2" falsecount="0"/>
      <line num="201" count="2" type="stmt"/>
      <line num="202" count="2" type="stmt"/>
      <line num="203" count="2" type="stmt"/>
      <line num="206" count="1" type="stmt"/>
      <line num="210" count="1" type="cond" truecount="0" falsecount="1"/>
      <line num="211" count="5" type="stmt"/>
      <line num="212" count="5" type="stmt"/>
    </file>
    <file name="config.ts" path="/home/z/my-project/src/shared/core_functions/config.ts">
      <metrics statements="15" coveredstatements="13" conditionals="24" coveredconditionals="21" methods="4" coveredmethods="3"/>
      <line num="28" count="4" type="stmt"/>
      <line num="30" count="3" type="stmt"/>
      <line num="32" count="3" type="stmt"/>
      <line num="39" count="9" type="stmt"/>
      <line num="40" count="3" type="cond" truecount="3" falsecount="1"/>
      <line num="41" count="0" type="stmt"/>
      <line num="44" count="3" type="stmt"/>
      <line num="59" count="4" type="stmt"/>
      <line num="61" count="4" type="stmt"/>
      <line num="62" count="59" type="cond" truecount="2" falsecount="0"/>
      <line num="63" count="3" type="stmt"/>
      <line num="65" count="59" type="stmt"/>
      <line num="68" count="4" type="stmt"/>
      <line num="69" count="0" type="stmt"/>
      <line num="73" count="4" type="stmt"/>
    </file>
    <file name="logger.ts" path="/home/z/my-project/src/shared/core_functions/logger.ts">
      <metrics statements="30" coveredstatements="18" conditionals="10" coveredconditionals="4" methods="11" coveredmethods="6"/>
      <line num="2" count="3" type="stmt"/>
      <line num="26" count="3" type="stmt"/>
      <line num="27" count="3" type="stmt"/>
      <line num="31" count="0" type="stmt"/>
      <line num="35" count="48" type="stmt"/>
      <line num="36" count="48" type="stmt"/>
      <line num="47" count="48" type="stmt"/>
      <line num="48" count="48" type="cond" truecount="1" falsecount="2"/>
      <line num="50" count="0" type="stmt"/>
      <line num="51" count="0" type="stmt"/>
      <line num="53" count="0" type="stmt"/>
      <line num="54" count="0" type="stmt"/>
      <line num="56" count="48" type="stmt"/>
      <line num="61" count="0" type="stmt"/>
      <line num="62" count="0" type="cond" truecount="0" falsecount="2"/>
      <line num="63" count="0" type="stmt"/>
      <line num="68" count="48" type="stmt"/>
      <line num="72" count="0" type="stmt"/>
      <line num="76" count="0" type="cond" truecount="0" falsecount="2"/>
      <line num="84" count="0" type="stmt"/>
      <line num="89" count="3" type="stmt"/>
      <line num="91" count="3" type="stmt"/>
      <line num="92" count="43" type="cond" truecount="2" falsecount="0"/>
      <line num="93" count="3" type="stmt"/>
      <line num="95" count="43" type="stmt"/>
      <line num="98" count="3" type="stmt"/>
      <line num="99" count="43" type="stmt"/>
      <line num="102" count="3" type="stmt"/>
      <line num="103" count="0" type="stmt"/>
      <line num="106" count="3" type="stmt"/>
    </file>
    <file name="pricing_optimizer.ts" path="/home/z/my-project/src/shared/core_functions/pricing_optimizer.ts">
      <metrics statements="56" coveredstatements="37" conditionals="33" coveredconditionals="19" methods="5" coveredmethods="4"/>
      <line num="2" count="1" type="stmt"/>
      <line num="4" count="1" type="stmt"/>
      <line num="7" count="1" type="stmt"/>
      <line num="32" count="1" type="stmt"/>
      <line num="33" count="1" type="stmt"/>
      <line num="34" count="1" type="stmt"/>
      <line num="37" count="1" type="stmt"/>
      <line num="48" count="7" type="stmt"/>
      <line num="49" count="7" type="stmt"/>
      <line num="51" count="7" type="stmt"/>
      <line num="52" count="7" type="stmt"/>
      <line num="54" count="7" type="stmt"/>
      <line num="55" count="7" type="stmt"/>
      <line num="58" count="7" type="cond" truecount="3" falsecount="1"/>
      <line num="60" count="7" type="stmt"/>
      <line num="61" count="7" type="stmt"/>
      <line num="63" count="7" type="stmt"/>
      <line num="70" count="7" type="stmt"/>
      <line num="82" count="1" type="stmt"/>
      <line num="87" count="4" type="stmt"/>
      <line num="89" count="4" type="stmt"/>
      <line num="90" count="4" type="stmt"/>
      <line num="91" count="4" type="stmt"/>
      <line num="93" count="4" type="stmt"/>
      <line num="97" count="1" type="stmt"/>
      <line num="111" count="8" type="stmt"/>
      <line num="114" count="8" type="cond" truecount="5" falsecount="0"/>
      <line num="115" count="3" type="stmt"/>
      <line num="130" count="5" type="cond" truecount="5" falsecount="0"/>
      <line num="131" count="2" type="stmt"/>
      <line num="146" count="3" type="stmt"/>
      <line num="157" count="1" type="stmt"/>
      <line num="168" count="0" type="stmt"/>
      <line num="170" count="0" type="stmt"/>
      <line num="171" count="0" type="stmt"/>
      <line num="174" count="0" type="stmt"/>
      <line num="175" count="0" type="cond" truecount="0" falsecount="3"/>
      <line num="177" count="0" type="stmt"/>
      <line num="178" count="0" type="stmt"/>
      <line num="180" count="0" type="stmt"/>
      <line num="181" count="0" type="stmt"/>
      <line num="183" count="0" type="stmt"/>
      <line num="184" count="0" type="stmt"/>
      <line num="188" count="0" type="stmt"/>
      <line num="189" count="0" type="stmt"/>
      <line num="195" count="0" type="stmt"/>
      <line num="196" count="0" type="stmt"/>
      <line num="197" count="0" type="stmt"/>
      <line num="199" count="0" type="stmt"/>
      <line num="200" count="0" type="stmt"/>
      <line num="202" count="0" type="stmt"/>
      <line num="211" count="1" type="stmt"/>
      <line num="216" count="4" type="cond" truecount="2" falsecount="0"/>
      <line num="217" count="3" type="stmt"/>
      <line num="218" count="3" type="stmt"/>
      <line num="225" count="1" type="stmt"/>
    </file>
    <file name="security.ts" path="/home/z/my-project/src/shared/core_functions/security.ts">
      <metrics statements="73" coveredstatements="66" conditionals="24" coveredconditionals="18" methods="14" coveredmethods="14"/>
      <line num="2" count="1" type="stmt"/>
      <line num="3" count="1" type="stmt"/>
      <line num="17" count="10" type="stmt"/>
      <line num="26" count="4" type="stmt"/>
      <line num="27" count="4" type="stmt"/>
      <line num="28" count="4" type="stmt"/>
      <line num="30" count="4" type="stmt"/>
      <line num="34" count="1" type="cond" truecount="1" falsecount="0"/>
      <line num="35" count="5" type="stmt"/>
      <line num="36" count="5" type="stmt"/>
      <line num="39" count="5" type="stmt"/>
      <line num="41" count="5" type="stmt"/>
      <line num="47" count="5" type="stmt"/>
      <line num="48" count="5" type="stmt"/>
      <line num="49" count="5" type="stmt"/>
      <line num="51" count="5" type="stmt"/>
      <line num="55" count="1" type="stmt"/>
      <line num="56" count="7" type="stmt"/>
      <line num="57" count="7" type="stmt"/>
      <line num="58" count="7" type="cond" truecount="2" falsecount="0"/>
      <line num="59" count="1" type="stmt"/>
      <line num="62" count="6" type="stmt"/>
      <line num="63" count="6" type="stmt"/>
      <line num="66" count="6" type="stmt"/>
      <line num="67" count="6" type="cond" truecount="2" falsecount="0"/>
      <line num="68" count="2" type="stmt"/>
      <line num="72" count="4" type="stmt"/>
      <line num="75" count="4" type="cond" truecount="3" falsecount="1"/>
      <line num="76" count="0" type="stmt"/>
      <line num="79" count="4" type="stmt"/>
      <line num="81" count="0" type="stmt"/>
      <line num="87" count="11" type="stmt"/>
      <line num="98" count="5" type="stmt"/>
      <line num="99" count="5" type="cond" truecount="1" falsecount="1"/>
      <line num="100" count="0" type="stmt"/>
      <line num="103" count="5" type="stmt"/>
      <line num="104" count="5" type="stmt"/>
      <line num="106" count="5" type="cond" truecount="2" falsecount="3"/>
      <line num="107" count="1" type="stmt"/>
      <line num="108" count="0" type="stmt"/>
      <line num="109" count="4" type="stmt"/>
      <line num="110" count="0" type="stmt"/>
      <line num="111" count="0" type="stmt"/>
      <line num="116" count="1" type="cond" truecount="1" falsecount="0"/>
      <line num="117" count="6" type="stmt"/>
      <line num="118" count="6" type="stmt"/>
      <line num="119" count="6" type="stmt"/>
      <line num="123" count="1" type="stmt"/>
      <line num="124" count="4" type="stmt"/>
      <line num="125" count="4" type="cond" truecount="3" falsecount="1"/>
      <line num="126" count="0" type="stmt"/>
      <line num="129" count="4" type="stmt"/>
      <line num="130" count="4" type="stmt"/>
      <line num="131" count="4" type="stmt"/>
      <line num="133" count="4" type="stmt"/>
      <line num="136" count="4" type="stmt"/>
      <line num="140" count="1" type="stmt"/>
      <line num="141" count="12" type="cond" truecount="2" falsecount="0"/>
      <line num="142" count="2" type="stmt"/>
      <line num="145" count="10" type="stmt"/>
      <line num="146" count="10" type="stmt"/>
      <line num="147" count="510" type="stmt"/>
      <line num="150" count="10" type="stmt"/>
      <line num="154" count="1" type="stmt"/>
      <line num="155" count="3" type="stmt"/>
      <line num="164" count="1" type="stmt"/>
      <line num="165" count="7" type="stmt"/>
      <line num="173" count="14" type="stmt"/>
      <line num="177" count="1" type="cond" truecount="1" falsecount="0"/>
      <line num="178" count="4" type="stmt"/>
      <line num="182" count="1" type="stmt"/>
      <line num="183" count="3" type="stmt"/>
      <line num="188" count="3" type="stmt"/>
    </file>
  </project>
</coverage>
