{"/home/z/my-project/src/shared/core_functions/audit_trail.ts": {"path":"/home/z/my-project/src/shared/core_functions/audit_trail.ts","statementMap":{"0":{"start":{"line":50,"column":0},"end":{"line":50,"column":16}},"1":{"start":{"line":113,"column":0},"end":{"line":113,"column":16}},"2":{"start":{"line":151,"column":0},"end":{"line":151,"column":16}},"3":{"start":{"line":158,"column":0},"end":{"line":158,"column":16}},"4":{"start":{"line":163,"column":0},"end":{"line":163,"column":16}},"5":{"start":{"line":168,"column":0},"end":{"line":168,"column":16}},"6":{"start":{"line":174,"column":0},"end":{"line":174,"column":16}},"7":{"start":{"line":180,"column":0},"end":{"line":180,"column":16}},"8":{"start":{"line":2,"column":0},"end":{"line":2,"column":33}},"9":{"start":{"line":3,"column":0},"end":{"line":3,"column":37}},"10":{"start":{"line":27,"column":44},"end":{"line":27,"column":53}},"11":{"start":{"line":28,"column":23},"end":{"line":28,"column":89}},"12":{"start":{"line":32,"column":2},"end":{"line":32,"column":72}},"13":{"start":{"line":37,"column":15},"end":{"line":44,"column":4}},"14":{"start":{"line":46,"column":2},"end":{"line":46,"column":64}},"15":{"start":{"line":66,"column":17},"end":{"line":66,"column":28}},"16":{"start":{"line":68,"column":13},"end":{"line":68,"column":25}},"17":{"start":{"line":69,"column":20},"end":{"line":69,"column":44}},"18":{"start":{"line":71,"column":49},"end":{"line":89,"column":4}},"19":{"start":{"line":91,"column":22},"end":{"line":91,"column":42}},"20":{"start":{"line":92,"column":17},"end":{"line":94,"column":null}},"21":{"start":{"line":98,"column":2},"end":{"line":98,"column":32}},"22":{"start":{"line":101,"column":2},"end":{"line":101,"column":25}},"23":{"start":{"line":103,"column":2},"end":{"line":107,"column":5}},"24":{"start":{"line":109,"column":2},"end":{"line":109,"column":19}},"25":{"start":{"line":114,"column":18},"end":{"line":115,"column":null}},"26":{"start":{"line":115,"column":4},"end":{"line":115,"column":69}},"27":{"start":{"line":118,"column":2},"end":{"line":120,"column":3}},"28":{"start":{"line":119,"column":4},"end":{"line":119,"column":27}},"29":{"start":{"line":122,"column":21},"end":{"line":122,"column":87}},"30":{"start":{"line":124,"column":2},"end":{"line":145,"column":3}},"31":{"start":{"line":126,"column":4},"end":{"line":132,"column":5}},"32":{"start":{"line":127,"column":6},"end":{"line":131,"column":8}},"33":{"start":{"line":135,"column":25},"end":{"line":135,"column":45}},"34":{"start":{"line":136,"column":4},"end":{"line":142,"column":5}},"35":{"start":{"line":137,"column":6},"end":{"line":141,"column":8}},"36":{"start":{"line":144,"column":4},"end":{"line":144,"column":37}},"37":{"start":{"line":147,"column":2},"end":{"line":147,"column":25}},"38":{"start":{"line":152,"column":2},"end":{"line":154,"column":87}},"39":{"start":{"line":153,"column":21},"end":{"line":153,"column":48}},"40":{"start":{"line":154,"column":20},"end":{"line":154,"column":85}},"41":{"start":{"line":159,"column":2},"end":{"line":159,"column":28}},"42":{"start":{"line":164,"column":2},"end":{"line":164,"column":28}},"43":{"start":{"line":169,"column":2},"end":{"line":170,"column":87}},"44":{"start":{"line":170,"column":20},"end":{"line":170,"column":85}},"45":{"start":{"line":175,"column":2},"end":{"line":175,"column":21}},"46":{"start":{"line":176,"column":2},"end":{"line":176,"column":80}},"47":{"start":{"line":181,"column":18},"end":{"line":181,"column":46}},"48":{"start":{"line":182,"column":2},"end":{"line":182,"column":42}}},"fnMap":{"0":{"name":"generateId","decl":{"start":{"line":31,"column":9},"end":{"line":31,"column":19}},"loc":{"start":{"line":31,"column":19},"end":{"line":33,"column":1}}},"1":{"name":"calculateHash","decl":{"start":{"line":36,"column":9},"end":{"line":36,"column":22}},"loc":{"start":{"line":36,"column":61},"end":{"line":47,"column":1}}},"2":{"name":"logAction","decl":{"start":{"line":50,"column":16},"end":{"line":50,"column":25}},"loc":{"start":{"line":65,"column":1},"end":{"line":110,"column":1}}},"3":{"name":"validateChain","decl":{"start":{"line":113,"column":16},"end":{"line":113,"column":29}},"loc":{"start":{"line":113,"column":29},"end":{"line":148,"column":1}}},"4":{"name":"(anonymous_13)","decl":{"start":{"line":114,"column":55},"end":{"line":114,"column":56}},"loc":{"start":{"line":115,"column":4},"end":{"line":115,"column":69}}},"5":{"name":"getEntriesByClient","decl":{"start":{"line":151,"column":16},"end":{"line":151,"column":34}},"loc":{"start":{"line":151,"column":51},"end":{"line":155,"column":1}}},"6":{"name":"(anonymous_15)","decl":{"start":{"line":153,"column":12},"end":{"line":153,"column":17}},"loc":{"start":{"line":153,"column":21},"end":{"line":153,"column":48}}},"7":{"name":"(anonymous_16)","decl":{"start":{"line":154,"column":10},"end":{"line":154,"column":11}},"loc":{"start":{"line":154,"column":20},"end":{"line":154,"column":85}}},"8":{"name":"getEntry","decl":{"start":{"line":158,"column":16},"end":{"line":158,"column":24}},"loc":{"start":{"line":158,"column":35},"end":{"line":160,"column":1}}},"9":{"name":"entryExists","decl":{"start":{"line":163,"column":16},"end":{"line":163,"column":27}},"loc":{"start":{"line":163,"column":38},"end":{"line":165,"column":1}}},"10":{"name":"getAllEntries","decl":{"start":{"line":168,"column":16},"end":{"line":168,"column":29}},"loc":{"start":{"line":168,"column":29},"end":{"line":171,"column":1}}},"11":{"name":"(anonymous_20)","decl":{"start":{"line":170,"column":10},"end":{"line":170,"column":11}},"loc":{"start":{"line":170,"column":20},"end":{"line":170,"column":85}}},"12":{"name":"clearAuditTrail","decl":{"start":{"line":174,"column":16},"end":{"line":174,"column":31}},"loc":{"start":{"line":174,"column":31},"end":{"line":177,"column":1}}},"13":{"name":"exportAuditTrail","decl":{"start":{"line":180,"column":16},"end":{"line":180,"column":32}},"loc":{"start":{"line":180,"column":49},"end":{"line":183,"column":1}}}},"branchMap":{"0":{"loc":{"start":{"line":118,"column":2},"end":{"line":120,"column":3}},"type":"if","locations":[{"start":{"line":118,"column":2},"end":{"line":120,"column":3}},{"start":{},"end":{}}]},"1":{"loc":{"start":{"line":126,"column":4},"end":{"line":132,"column":5}},"type":"if","locations":[{"start":{"line":126,"column":4},"end":{"line":132,"column":5}},{"start":{},"end":{}}]},"2":{"loc":{"start":{"line":136,"column":4},"end":{"line":142,"column":5}},"type":"if","locations":[{"start":{"line":136,"column":4},"end":{"line":142,"column":5}},{"start":{},"end":{}}]}},"s":{"0":1,"1":1,"2":1,"3":1,"4":1,"5":1,"6":1,"7":1,"8":1,"9":1,"10":1,"11":1,"12":41,"13":61,"14":61,"15":41,"16":41,"17":41,"18":41,"19":41,"20":41,"21":41,"22":41,"23":41,"24":41,"25":3,"26":17,"27":3,"28":0,"29":3,"30":3,"31":20,"32":0,"33":20,"34":20,"35":0,"36":20,"37":3,"38":2,"39":6,"40":1,"41":1,"42":2,"43":4,"44":15,"45":36,"46":36,"47":0,"48":0},"f":{"0":41,"1":61,"2":41,"3":3,"4":17,"5":2,"6":6,"7":1,"8":1,"9":2,"10":4,"11":15,"12":36,"13":0},"b":{"0":[0,3],"1":[0,20],"2":[0,20]}}
,"/home/z/my-project/src/shared/core_functions/compliance.ts": {"path":"/home/z/my-project/src/shared/core_functions/compliance.ts","statementMap":{"0":{"start":{"line":10,"column":0},"end":{"line":10,"column":16}},"1":{"start":{"line":26,"column":0},"end":{"line":26,"column":16}},"2":{"start":{"line":61,"column":0},"end":{"line":61,"column":16}},"3":{"start":{"line":80,"column":0},"end":{"line":80,"column":16}},"4":{"start":{"line":89,"column":0},"end":{"line":89,"column":16}},"5":{"start":{"line":168,"column":0},"end":{"line":168,"column":16}},"6":{"start":{"line":188,"column":0},"end":{"line":188,"column":16}},"7":{"start":{"line":210,"column":0},"end":{"line":210,"column":16}},"8":{"start":{"line":2,"column":0},"end":{"line":2,"column":37}},"9":{"start":{"line":4,"column":15},"end":{"line":4,"column":26}},"10":{"start":{"line":7,"column":19},"end":{"line":7,"column":90}},"11":{"start":{"line":11,"column":18},"end":{"line":11,"column":32}},"12":{"start":{"line":13,"column":2},"end":{"line":20,"column":3}},"13":{"start":{"line":14,"column":21},"end":{"line":14,"column":38}},"14":{"start":{"line":15,"column":18},"end":{"line":15,"column":68}},"15":{"start":{"line":15,"column":43},"end":{"line":15,"column":67}},"16":{"start":{"line":17,"column":4},"end":{"line":19,"column":5}},"17":{"start":{"line":18,"column":6},"end":{"line":18,"column":36}},"18":{"start":{"line":22,"column":2},"end":{"line":22,"column":20}},"19":{"start":{"line":27,"column":2},"end":{"line":42,"column":3}},"20":{"start":{"line":29,"column":34},"end":{"line":29,"column":50}},"21":{"start":{"line":30,"column":6},"end":{"line":30,"column":40}},"22":{"start":{"line":30,"column":19},"end":{"line":30,"column":40}},"23":{"start":{"line":31,"column":26},"end":{"line":31,"column":55}},"24":{"start":{"line":32,"column":6},"end":{"line":32,"column":40}},"25":{"start":{"line":35,"column":6},"end":{"line":35,"column":62}},"26":{"start":{"line":38,"column":6},"end":{"line":38,"column":57}},"27":{"start":{"line":41,"column":6},"end":{"line":41,"column":19}},"28":{"start":{"line":52,"column":54},"end":{"line":58,"column":2}},"29":{"start":{"line":66,"column":17},"end":{"line":66,"column":60}},"30":{"start":{"line":66,"column":36},"end":{"line":66,"column":59}},"31":{"start":{"line":68,"column":2},"end":{"line":70,"column":3}},"32":{"start":{"line":69,"column":4},"end":{"line":69,"column":17}},"33":{"start":{"line":72,"column":14},"end":{"line":72,"column":24}},"34":{"start":{"line":73,"column":24},"end":{"line":73,"column":43}},"35":{"start":{"line":74,"column":2},"end":{"line":74,"column":72}},"36":{"start":{"line":76,"column":2},"end":{"line":76,"column":29}},"37":{"start":{"line":84,"column":17},"end":{"line":84,"column":60}},"38":{"start":{"line":84,"column":36},"end":{"line":84,"column":59}},"39":{"start":{"line":85,"column":2},"end":{"line":85,"column":40}},"40":{"start":{"line":98,"column":21},"end":{"line":107,"column":4}},"41":{"start":{"line":109,"column":2},"end":{"line":109,"column":53}},"42":{"start":{"line":111,"column":2},"end":{"line":111,"column":45}},"43":{"start":{"line":124,"column":62},"end":{"line":165,"column":2}},"44":{"start":{"line":170,"column":25},"end":{"line":170,"column":69}},"45":{"start":{"line":173,"column":2},"end":{"line":175,"column":3}},"46":{"start":{"line":174,"column":4},"end":{"line":174,"column":46}},"47":{"start":{"line":178,"column":15},"end":{"line":178,"column":43}},"48":{"start":{"line":179,"column":2},"end":{"line":181,"column":3}},"49":{"start":{"line":180,"column":4},"end":{"line":180,"column":36}},"50":{"start":{"line":184,"column":2},"end":{"line":184,"column":31}},"51":{"start":{"line":193,"column":2},"end":{"line":195,"column":3}},"52":{"start":{"line":194,"column":4},"end":{"line":194,"column":17}},"53":{"start":{"line":197,"column":16},"end":{"line":197,"column":50}},"54":{"start":{"line":200,"column":2},"end":{"line":204,"column":3}},"55":{"start":{"line":201,"column":24},"end":{"line":201,"column":34}},"56":{"start":{"line":202,"column":4},"end":{"line":202,"column":59}},"57":{"start":{"line":203,"column":4},"end":{"line":203,"column":37}},"58":{"start":{"line":206,"column":2},"end":{"line":206,"column":14}},"59":{"start":{"line":211,"column":17},"end":{"line":211,"column":34}},"60":{"start":{"line":212,"column":2},"end":{"line":215,"column":19}}},"fnMap":{"0":{"name":"anonymizePII","decl":{"start":{"line":10,"column":16},"end":{"line":10,"column":28}},"loc":{"start":{"line":10,"column":58},"end":{"line":23,"column":1}}},"1":{"name":"(anonymous_1)","decl":{"start":{"line":15,"column":34},"end":{"line":15,"column":39}},"loc":{"start":{"line":15,"column":43},"end":{"line":15,"column":67}}},"2":{"name":"maskPII","decl":{"start":{"line":26,"column":16},"end":{"line":26,"column":23}},"loc":{"start":{"line":26,"column":78},"end":{"line":43,"column":1}}},"3":{"name":"isPastRetention","decl":{"start":{"line":61,"column":16},"end":{"line":61,"column":31}},"loc":{"start":{"line":64,"column":58},"end":{"line":77,"column":1}}},"4":{"name":"(anonymous_4)","decl":{"start":{"line":66,"column":31},"end":{"line":66,"column":32}},"loc":{"start":{"line":66,"column":36},"end":{"line":66,"column":59}}},"5":{"name":"getRetentionAction","decl":{"start":{"line":80,"column":16},"end":{"line":80,"column":34}},"loc":{"start":{"line":82,"column":58},"end":{"line":86,"column":1}}},"6":{"name":"(anonymous_6)","decl":{"start":{"line":84,"column":31},"end":{"line":84,"column":32}},"loc":{"start":{"line":84,"column":36},"end":{"line":84,"column":59}}},"7":{"name":"generateDataExport","decl":{"start":{"line":89,"column":16},"end":{"line":89,"column":34}},"loc":{"start":{"line":96,"column":3},"end":{"line":112,"column":1}}},"8":{"name":"getJurisdictionRules","decl":{"start":{"line":168,"column":16},"end":{"line":168,"column":36}},"loc":{"start":{"line":168,"column":56},"end":{"line":185,"column":1}}},"9":{"name":"isConsentValid","decl":{"start":{"line":188,"column":16},"end":{"line":188,"column":30}},"loc":{"start":{"line":191,"column":22},"end":{"line":207,"column":1}}},"10":{"name":"hashIdentifier","decl":{"start":{"line":210,"column":16},"end":{"line":210,"column":30}},"loc":{"start":{"line":210,"column":73},"end":{"line":216,"column":1}}}},"branchMap":{"0":{"loc":{"start":{"line":17,"column":4},"end":{"line":19,"column":5}},"type":"if","locations":[{"start":{"line":17,"column":4},"end":{"line":19,"column":5}},{"start":{},"end":{}}]},"1":{"loc":{"start":{"line":17,"column":8},"end":{"line":17,"column":52}},"type":"binary-expr","locations":[{"start":{"line":17,"column":8},"end":{"line":17,"column":13}},{"start":{"line":17,"column":17},"end":{"line":17,"column":52}}]},"2":{"loc":{"start":{"line":27,"column":2},"end":{"line":42,"column":3}},"type":"switch","locations":[{"start":{"line":28,"column":4},"end":{"line":32,"column":40}},{"start":{"line":34,"column":4},"end":{"line":35,"column":62}},{"start":{"line":37,"column":4},"end":{"line":38,"column":57}},{"start":{"line":40,"column":4},"end":{"line":41,"column":19}}]},"3":{"loc":{"start":{"line":30,"column":6},"end":{"line":30,"column":40}},"type":"if","locations":[{"start":{"line":30,"column":6},"end":{"line":30,"column":40}},{"start":{},"end":{}}]},"4":{"loc":{"start":{"line":64,"column":2},"end":{"line":64,"column":58}},"type":"default-arg","locations":[{"start":{"line":64,"column":32},"end":{"line":64,"column":58}}]},"5":{"loc":{"start":{"line":68,"column":2},"end":{"line":70,"column":3}},"type":"if","locations":[{"start":{"line":68,"column":2},"end":{"line":70,"column":3}},{"start":{},"end":{}}]},"6":{"loc":{"start":{"line":82,"column":2},"end":{"line":82,"column":58}},"type":"default-arg","locations":[{"start":{"line":82,"column":32},"end":{"line":82,"column":58}}]},"7":{"loc":{"start":{"line":85,"column":9},"end":{"line":85,"column":39}},"type":"binary-expr","locations":[{"start":{"line":85,"column":9},"end":{"line":85,"column":31}},{"start":{"line":85,"column":35},"end":{"line":85,"column":39}}]},"8":{"loc":{"start":{"line":85,"column":9},"end":{"line":85,"column":31}},"type":"cond-expr","locations":[{"start":{"line":85,"column":15},"end":{"line":85,"column":17}},{"start":{"line":85,"column":9},"end":{"line":85,"column":31}}]},"9":{"loc":{"start":{"line":85,"column":9},"end":{"line":85,"column":17}},"type":"binary-expr","locations":[{"start":{"line":85,"column":9},"end":{"line":85,"column":17}},{"start":{"line":85,"column":9},"end":{"line":85,"column":17}}]},"10":{"loc":{"start":{"line":173,"column":2},"end":{"line":175,"column":3}},"type":"if","locations":[{"start":{"line":173,"column":2},"end":{"line":175,"column":3}},{"start":{},"end":{}}]},"11":{"loc":{"start":{"line":179,"column":2},"end":{"line":181,"column":3}},"type":"if","locations":[{"start":{"line":179,"column":2},"end":{"line":181,"column":3}},{"start":{},"end":{}}]},"12":{"loc":{"start":{"line":193,"column":2},"end":{"line":195,"column":3}},"type":"if","locations":[{"start":{"line":193,"column":2},"end":{"line":195,"column":3}},{"start":{},"end":{}}]},"13":{"loc":{"start":{"line":200,"column":2},"end":{"line":204,"column":3}},"type":"if","locations":[{"start":{"line":200,"column":2},"end":{"line":204,"column":3}},{"start":{},"end":{}}]},"14":{"loc":{"start":{"line":210,"column":46},"end":{"line":210,"column":73}},"type":"default-arg","locations":[{"start":{"line":210,"column":61},"end":{"line":210,"column":73}}]}},"s":{"0":1,"1":1,"2":1,"3":1,"4":1,"5":1,"6":1,"7":1,"8":1,"9":1,"10":1,"11":3,"12":3,"13":8,"14":8,"15":35,"16":8,"17":4,"18":3,"19":3,"20":1,"21":1,"22":0,"23":1,"24":1,"25":1,"26":1,"27":0,"28":1,"29":2,"30":4,"31":2,"32":0,"33":2,"34":2,"35":2,"36":2,"37":3,"38":8,"39":3,"40":0,"41":0,"42":0,"43":1,"44":9,"45":9,"46":8,"47":1,"48":1,"49":0,"50":1,"51":4,"52":1,"53":3,"54":3,"55":2,"56":2,"57":2,"58":1,"59":5,"60":5},"f":{"0":3,"1":35,"2":3,"3":2,"4":4,"5":3,"6":8,"7":0,"8":9,"9":4,"10":5},"b":{"0":[4,4],"1":[8,4],"2":[1,1,1,0],"3":[0,1],"4":[2],"5":[0,2],"6":[3],"7":[3,0],"8":[0,3],"9":[3,3],"10":[8,1],"11":[0,1],"12":[1,3],"13":[2,1],"14":[0]}}
,"/home/z/my-project/src/shared/core_functions/config.ts": {"path":"/home/z/my-project/src/shared/core_functions/config.ts","statementMap":{"0":{"start":{"line":28,"column":0},"end":{"line":28,"column":16}},"1":{"start":{"line":61,"column":0},"end":{"line":61,"column":16}},"2":{"start":{"line":68,"column":0},"end":{"line":68,"column":16}},"3":{"start":{"line":30,"column":17},"end":{"line":30,"column":48}},"4":{"start":{"line":32,"column":26},"end":{"line":36,"column":4}},"5":{"start":{"line":39,"column":18},"end":{"line":39,"column":66}},"6":{"start":{"line":39,"column":48},"end":{"line":39,"column":65}},"7":{"start":{"line":40,"column":2},"end":{"line":42,"column":3}},"8":{"start":{"line":41,"column":4},"end":{"line":41,"column":85}},"9":{"start":{"line":44,"column":2},"end":{"line":55,"column":4}},"10":{"start":{"line":59,"column":39},"end":{"line":59,"column":43}},"11":{"start":{"line":62,"column":2},"end":{"line":64,"column":3}},"12":{"start":{"line":63,"column":4},"end":{"line":63,"column":34}},"13":{"start":{"line":65,"column":2},"end":{"line":65,"column":24}},"14":{"start":{"line":69,"column":2},"end":{"line":69,"column":24}},"15":{"start":{"line":73,"column":0},"end":{"line":73,"column":25}}},"fnMap":{"0":{"name":"loadConfig","decl":{"start":{"line":28,"column":16},"end":{"line":28,"column":26}},"loc":{"start":{"line":28,"column":26},"end":{"line":56,"column":1}}},"1":{"name":"(anonymous_1)","decl":{"start":{"line":39,"column":41},"end":{"line":39,"column":44}},"loc":{"start":{"line":39,"column":48},"end":{"line":39,"column":65}}},"2":{"name":"getConfig","decl":{"start":{"line":61,"column":16},"end":{"line":61,"column":25}},"loc":{"start":{"line":61,"column":25},"end":{"line":66,"column":1}}},"3":{"name":"resetConfig","decl":{"start":{"line":68,"column":16},"end":{"line":68,"column":27}},"loc":{"start":{"line":68,"column":27},"end":{"line":70,"column":1}}}},"branchMap":{"0":{"loc":{"start":{"line":40,"column":2},"end":{"line":42,"column":3}},"type":"if","locations":[{"start":{"line":40,"column":2},"end":{"line":42,"column":3}},{"start":{},"end":{}}]},"1":{"loc":{"start":{"line":40,"column":6},"end":{"line":40,"column":35}},"type":"binary-expr","locations":[{"start":{"line":40,"column":6},"end":{"line":40,"column":24}},{"start":{"line":40,"column":28},"end":{"line":40,"column":35}}]},"2":{"loc":{"start":{"line":45,"column":17},"end":{"line":45,"column":61}},"type":"binary-expr","locations":[{"start":{"line":45,"column":17},"end":{"line":45,"column":41}},{"start":{"line":45,"column":45},"end":{"line":45,"column":61}}]},"3":{"loc":{"start":{"line":46,"column":15},"end":{"line":46,"column":77}},"type":"binary-expr","locations":[{"start":{"line":46,"column":15},"end":{"line":46,"column":37}},{"start":{"line":46,"column":41},"end":{"line":46,"column":77}}]},"4":{"loc":{"start":{"line":47,"column":18},"end":{"line":47,"column":53}},"type":"binary-expr","locations":[{"start":{"line":47,"column":18},"end":{"line":47,"column":44}},{"start":{"line":47,"column":48},"end":{"line":47,"column":53}}]},"5":{"loc":{"start":{"line":48,"column":22},"end":{"line":48,"column":70}},"type":"binary-expr","locations":[{"start":{"line":48,"column":22},"end":{"line":48,"column":52}},{"start":{"line":48,"column":56},"end":{"line":48,"column":70}}]},"6":{"loc":{"start":{"line":49,"column":23},"end":{"line":49,"column":88}},"type":"binary-expr","locations":[{"start":{"line":49,"column":23},"end":{"line":49,"column":54}},{"start":{"line":49,"column":58},"end":{"line":49,"column":88}}]},"7":{"loc":{"start":{"line":50,"column":14},"end":{"line":50,"column":63}},"type":"binary-expr","locations":[{"start":{"line":50,"column":14},"end":{"line":50,"column":35}},{"start":{"line":50,"column":39},"end":{"line":50,"column":63}}]},"8":{"loc":{"start":{"line":51,"column":13},"end":{"line":51,"column":50}},"type":"binary-expr","locations":[{"start":{"line":51,"column":13},"end":{"line":51,"column":33}},{"start":{"line":51,"column":37},"end":{"line":51,"column":50}}]},"9":{"loc":{"start":{"line":52,"column":19},"end":{"line":52,"column":45}},"type":"binary-expr","locations":[{"start":{"line":52,"column":19},"end":{"line":52,"column":35}},{"start":{"line":52,"column":39},"end":{"line":52,"column":45}}]},"10":{"loc":{"start":{"line":53,"column":16},"end":{"line":53,"column":47}},"type":"binary-expr","locations":[{"start":{"line":53,"column":16},"end":{"line":53,"column":39}},{"start":{"line":53,"column":43},"end":{"line":53,"column":47}}]},"11":{"loc":{"start":{"line":62,"column":2},"end":{"line":64,"column":3}},"type":"if","locations":[{"start":{"line":62,"column":2},"end":{"line":64,"column":3}},{"start":{},"end":{}}]}},"s":{"0":4,"1":4,"2":4,"3":3,"4":3,"5":3,"6":9,"7":3,"8":0,"9":3,"10":4,"11":59,"12":3,"13":59,"14":0,"15":4},"f":{"0":3,"1":9,"2":59,"3":0},"b":{"0":[0,3],"1":[3,3],"2":[3,0],"3":[3,3],"4":[3,3],"5":[3,3],"6":[3,3],"7":[3,3],"8":[3,0],"9":[3,3],"10":[3,3],"11":[3,56]}}
,"/home/z/my-project/src/shared/core_functions/logger.ts": {"path":"/home/z/my-project/src/shared/core_functions/logger.ts","statementMap":{"0":{"start":{"line":91,"column":0},"end":{"line":91,"column":16}},"1":{"start":{"line":98,"column":0},"end":{"line":98,"column":16}},"2":{"start":{"line":102,"column":0},"end":{"line":102,"column":16}},"3":{"start":{"line":2,"column":0},"end":{"line":2,"column":37}},"4":{"start":{"line":26,"column":4},"end":{"line":26,"column":27}},"5":{"start":{"line":27,"column":4},"end":{"line":27,"column":26}},"6":{"start":{"line":31,"column":4},"end":{"line":31,"column":59}},"7":{"start":{"line":35,"column":19},"end":{"line":35,"column":30}},"8":{"start":{"line":36,"column":4},"end":{"line":43,"column":6}},"9":{"start":{"line":47,"column":19},"end":{"line":47,"column":40}},"10":{"start":{"line":48,"column":4},"end":{"line":57,"column":5}},"11":{"start":{"line":50,"column":8},"end":{"line":50,"column":30}},"12":{"start":{"line":51,"column":8},"end":{"line":51,"column":14}},"13":{"start":{"line":53,"column":8},"end":{"line":53,"column":29}},"14":{"start":{"line":54,"column":8},"end":{"line":54,"column":14}},"15":{"start":{"line":56,"column":8},"end":{"line":56,"column":28}},"16":{"start":{"line":61,"column":19},"end":{"line":61,"column":30}},"17":{"start":{"line":62,"column":4},"end":{"line":64,"column":5}},"18":{"start":{"line":63,"column":6},"end":{"line":63,"column":63}},"19":{"start":{"line":68,"column":4},"end":{"line":68,"column":60}},"20":{"start":{"line":72,"column":4},"end":{"line":72,"column":60}},"21":{"start":{"line":76,"column":25},"end":{"line":83,"column":15}},"22":{"start":{"line":84,"column":4},"end":{"line":84,"column":66}},"23":{"start":{"line":89,"column":36},"end":{"line":89,"column":40}},"24":{"start":{"line":92,"column":2},"end":{"line":94,"column":3}},"25":{"start":{"line":93,"column":4},"end":{"line":93,"column":41}},"26":{"start":{"line":95,"column":2},"end":{"line":95,"column":24}},"27":{"start":{"line":99,"column":2},"end":{"line":99,"column":24}},"28":{"start":{"line":103,"column":2},"end":{"line":103,"column":24}},"29":{"start":{"line":106,"column":0},"end":{"line":106,"column":28}}},"fnMap":{"0":{"name":"(anonymous_0)","decl":{"start":{"line":25,"column":2},"end":{"line":25,"column":14}},"loc":{"start":{"line":25,"column":43},"end":{"line":28,"column":3}}},"1":{"name":"(anonymous_1)","decl":{"start":{"line":30,"column":2},"end":{"line":30,"column":16}},"loc":{"start":{"line":30,"column":36},"end":{"line":32,"column":3}}},"2":{"name":"(anonymous_2)","decl":{"start":{"line":34,"column":10},"end":{"line":34,"column":21}},"loc":{"start":{"line":34,"column":85},"end":{"line":44,"column":3}}},"3":{"name":"(anonymous_3)","decl":{"start":{"line":46,"column":10},"end":{"line":46,"column":16}},"loc":{"start":{"line":46,"column":32},"end":{"line":58,"column":3}}},"4":{"name":"(anonymous_4)","decl":{"start":{"line":60,"column":2},"end":{"line":60,"column":7}},"loc":{"start":{"line":60,"column":45},"end":{"line":65,"column":3}}},"5":{"name":"(anonymous_5)","decl":{"start":{"line":67,"column":2},"end":{"line":67,"column":6}},"loc":{"start":{"line":67,"column":44},"end":{"line":69,"column":3}}},"6":{"name":"(anonymous_6)","decl":{"start":{"line":71,"column":2},"end":{"line":71,"column":6}},"loc":{"start":{"line":71,"column":44},"end":{"line":73,"column":3}}},"7":{"name":"(anonymous_7)","decl":{"start":{"line":75,"column":2},"end":{"line":75,"column":7}},"loc":{"start":{"line":75,"column":60},"end":{"line":85,"column":3}}},"8":{"name":"createLogger","decl":{"start":{"line":91,"column":16},"end":{"line":91,"column":28}},"loc":{"start":{"line":91,"column":45},"end":{"line":96,"column":1}}},"9":{"name":"getLogger","decl":{"start":{"line":98,"column":16},"end":{"line":98,"column":25}},"loc":{"start":{"line":98,"column":25},"end":{"line":100,"column":1}}},"10":{"name":"resetLogger","decl":{"start":{"line":102,"column":16},"end":{"line":102,"column":27}},"loc":{"start":{"line":102,"column":27},"end":{"line":104,"column":1}}}},"branchMap":{"0":{"loc":{"start":{"line":25,"column":14},"end":{"line":25,"column":43}},"type":"default-arg","locations":[{"start":{"line":25,"column":32},"end":{"line":25,"column":43}}]},"1":{"loc":{"start":{"line":48,"column":4},"end":{"line":57,"column":5}},"type":"switch","locations":[{"start":{"line":49,"column":6},"end":{"line":51,"column":14}},{"start":{"line":52,"column":6},"end":{"line":54,"column":14}},{"start":{"line":55,"column":6},"end":{"line":56,"column":28}}]},"2":{"loc":{"start":{"line":62,"column":4},"end":{"line":64,"column":5}},"type":"if","locations":[{"start":{"line":62,"column":4},"end":{"line":64,"column":5}},{"start":{},"end":{}}]},"3":{"loc":{"start":{"line":76,"column":25},"end":{"line":83,"column":15}},"type":"cond-expr","locations":[{"start":{"line":76,"column":32},"end":{"line":82,"column":null}},{"start":{"line":83,"column":8},"end":{"line":83,"column":15}}]},"4":{"loc":{"start":{"line":92,"column":2},"end":{"line":94,"column":3}},"type":"if","locations":[{"start":{"line":92,"column":2},"end":{"line":94,"column":3}},{"start":{},"end":{}}]}},"s":{"0":3,"1":3,"2":3,"3":3,"4":3,"5":3,"6":0,"7":48,"8":48,"9":48,"10":48,"11":0,"12":0,"13":0,"14":0,"15":48,"16":0,"17":0,"18":0,"19":48,"20":0,"21":0,"22":0,"23":3,"24":43,"25":3,"26":43,"27":43,"28":0,"29":3},"f":{"0":3,"1":0,"2":48,"3":48,"4":0,"5":48,"6":0,"7":0,"8":43,"9":43,"10":0},"b":{"0":[3],"1":[0,0,48],"2":[0,0],"3":[0,0],"4":[3,40]}}
,"/home/z/my-project/src/shared/core_functions/pricing_optimizer.ts": {"path":"/home/z/my-project/src/shared/core_functions/pricing_optimizer.ts","statementMap":{"0":{"start":{"line":37,"column":0},"end":{"line":37,"column":16}},"1":{"start":{"line":82,"column":0},"end":{"line":82,"column":16}},"2":{"start":{"line":97,"column":0},"end":{"line":97,"column":16}},"3":{"start":{"line":157,"column":0},"end":{"line":157,"column":16}},"4":{"start":{"line":211,"column":0},"end":{"line":211,"column":16}},"5":{"start":{"line":2,"column":0},"end":{"line":2,"column":37}},"6":{"start":{"line":4,"column":15},"end":{"line":4,"column":26}},"7":{"start":{"line":7,"column":13},"end":{"line":29,"column":11}},"8":{"start":{"line":32,"column":30},"end":{"line":32,"column":33}},"9":{"start":{"line":33,"column":31},"end":{"line":33,"column":34}},"10":{"start":{"line":34,"column":30},"end":{"line":34,"column":33}},"11":{"start":{"line":48,"column":20},"end":{"line":48,"column":66}},"12":{"start":{"line":49,"column":22},"end":{"line":49,"column":51}},"13":{"start":{"line":51,"column":27},"end":{"line":51,"column":60}},"14":{"start":{"line":52,"column":29},"end":{"line":52,"column":51}},"15":{"start":{"line":54,"column":19},"end":{"line":54,"column":42}},"16":{"start":{"line":55,"column":19},"end":{"line":55,"column":56}},"17":{"start":{"line":58,"column":25},"end":{"line":58,"column":87}},"18":{"start":{"line":60,"column":18},"end":{"line":60,"column":54}},"19":{"start":{"line":61,"column":27},"end":{"line":61,"column":77}},"20":{"start":{"line":63,"column":2},"end":{"line":68,"column":5}},"21":{"start":{"line":70,"column":2},"end":{"line":78,"column":4}},"22":{"start":{"line":87,"column":47},"end":{"line":87,"column":53}},"23":{"start":{"line":89,"column":19},"end":{"line":89,"column":52}},"24":{"start":{"line":90,"column":20},"end":{"line":90,"column":55}},"25":{"start":{"line":91,"column":19},"end":{"line":91,"column":52}},"26":{"start":{"line":93,"column":2},"end":{"line":93,"column":41}},"27":{"start":{"line":111,"column":98},"end":{"line":111,"column":104}},"28":{"start":{"line":114,"column":2},"end":{"line":127,"column":3}},"29":{"start":{"line":115,"column":4},"end":{"line":126,"column":6}},"30":{"start":{"line":130,"column":2},"end":{"line":143,"column":3}},"31":{"start":{"line":131,"column":4},"end":{"line":142,"column":6}},"32":{"start":{"line":146,"column":2},"end":{"line":153,"column":4}},"33":{"start":{"line":168,"column":76},"end":{"line":168,"column":82}},"34":{"start":{"line":170,"column":24},"end":{"line":170,"column":48}},"35":{"start":{"line":171,"column":29},"end":{"line":171,"column":50}},"36":{"start":{"line":174,"column":26},"end":{"line":174,"column":27}},"37":{"start":{"line":175,"column":2},"end":{"line":185,"column":3}},"38":{"start":{"line":177,"column":6},"end":{"line":177,"column":30}},"39":{"start":{"line":178,"column":6},"end":{"line":178,"column":12}},"40":{"start":{"line":180,"column":6},"end":{"line":180,"column":30}},"41":{"start":{"line":181,"column":6},"end":{"line":181,"column":12}},"42":{"start":{"line":183,"column":6},"end":{"line":183,"column":30}},"43":{"start":{"line":184,"column":6},"end":{"line":184,"column":12}},"44":{"start":{"line":188,"column":23},"end":{"line":188,"column":61}},"45":{"start":{"line":189,"column":29},"end":{"line":193,"column":29}},"46":{"start":{"line":195,"column":23},"end":{"line":195,"column":56}},"47":{"start":{"line":196,"column":25},"end":{"line":196,"column":58}},"48":{"start":{"line":197,"column":24},"end":{"line":197,"column":43}},"49":{"start":{"line":199,"column":24},"end":{"line":199,"column":73}},"50":{"start":{"line":200,"column":22},"end":{"line":200,"column":86}},"51":{"start":{"line":202,"column":2},"end":{"line":207,"column":4}},"52":{"start":{"line":216,"column":2},"end":{"line":223,"column":3}},"53":{"start":{"line":217,"column":18},"end":{"line":217,"column":52}},"54":{"start":{"line":218,"column":4},"end":{"line":222,"column":6}},"55":{"start":{"line":225,"column":2},"end":{"line":229,"column":4}}},"fnMap":{"0":{"name":"calculateStackVsUpgrade","decl":{"start":{"line":37,"column":16},"end":{"line":37,"column":39}},"loc":{"start":{"line":38,"column":19},"end":{"line":79,"column":1}}},"1":{"name":"managerTimeCalculator","decl":{"start":{"line":82,"column":16},"end":{"line":82,"column":37}},"loc":{"start":{"line":86,"column":1},"end":{"line":94,"column":1}}},"2":{"name":"tierRecommendationEngine","decl":{"start":{"line":97,"column":16},"end":{"line":97,"column":40}},"loc":{"start":{"line":103,"column":1},"end":{"line":154,"column":1}}},"3":{"name":"calculateROI","decl":{"start":{"line":157,"column":16},"end":{"line":157,"column":28}},"loc":{"start":{"line":162,"column":1},"end":{"line":208,"column":1}}},"4":{"name":"detectArbitrage","decl":{"start":{"line":211,"column":16},"end":{"line":211,"column":31}},"loc":{"start":{"line":211,"column":49},"end":{"line":230,"column":1}}}},"branchMap":{"0":{"loc":{"start":{"line":58,"column":25},"end":{"line":58,"column":87}},"type":"cond-expr","locations":[{"start":{"line":58,"column":68},"end":{"line":58,"column":77}},{"start":{"line":58,"column":80},"end":{"line":58,"column":87}}]},"1":{"loc":{"start":{"line":58,"column":25},"end":{"line":58,"column":65}},"type":"binary-expr","locations":[{"start":{"line":58,"column":25},"end":{"line":58,"column":49}},{"start":{"line":58,"column":53},"end":{"line":58,"column":65}}]},"2":{"loc":{"start":{"line":114,"column":2},"end":{"line":127,"column":3}},"type":"if","locations":[{"start":{"line":114,"column":2},"end":{"line":127,"column":3}},{"start":{},"end":{}}]},"3":{"loc":{"start":{"line":114,"column":6},"end":{"line":114,"column":59}},"type":"binary-expr","locations":[{"start":{"line":114,"column":6},"end":{"line":114,"column":13}},{"start":{"line":114,"column":17},"end":{"line":114,"column":36}},{"start":{"line":114,"column":40},"end":{"line":114,"column":59}}]},"4":{"loc":{"start":{"line":117,"column":14},"end":{"line":121,"column":85}},"type":"cond-expr","locations":[{"start":{"line":118,"column":10},"end":{"line":118,"column":69}},{"start":{"line":119,"column":10},"end":{"line":121,"column":85}}]},"5":{"loc":{"start":{"line":119,"column":10},"end":{"line":121,"column":85}},"type":"cond-expr","locations":[{"start":{"line":120,"column":12},"end":{"line":120,"column":78}},{"start":{"line":121,"column":12},"end":{"line":121,"column":85}}]},"6":{"loc":{"start":{"line":130,"column":2},"end":{"line":143,"column":3}},"type":"if","locations":[{"start":{"line":130,"column":2},"end":{"line":143,"column":3}},{"start":{},"end":{}}]},"7":{"loc":{"start":{"line":130,"column":6},"end":{"line":130,"column":73}},"type":"binary-expr","locations":[{"start":{"line":130,"column":6},"end":{"line":130,"column":26}},{"start":{"line":130,"column":30},"end":{"line":130,"column":50}},{"start":{"line":130,"column":54},"end":{"line":130,"column":73}}]},"8":{"loc":{"start":{"line":133,"column":14},"end":{"line":137,"column":72}},"type":"cond-expr","locations":[{"start":{"line":134,"column":10},"end":{"line":134,"column":58}},{"start":{"line":135,"column":10},"end":{"line":137,"column":72}}]},"9":{"loc":{"start":{"line":135,"column":10},"end":{"line":137,"column":72}},"type":"cond-expr","locations":[{"start":{"line":136,"column":12},"end":{"line":136,"column":50}},{"start":{"line":137,"column":12},"end":{"line":137,"column":72}}]},"10":{"loc":{"start":{"line":175,"column":2},"end":{"line":185,"column":3}},"type":"switch","locations":[{"start":{"line":176,"column":4},"end":{"line":178,"column":12}},{"start":{"line":179,"column":4},"end":{"line":181,"column":12}},{"start":{"line":182,"column":4},"end":{"line":184,"column":12}}]},"11":{"loc":{"start":{"line":190,"column":15},"end":{"line":190,"column":47}},"type":"cond-expr","locations":[{"start":{"line":190,"column":42},"end":{"line":190,"column":43}},{"start":{"line":190,"column":46},"end":{"line":190,"column":47}}]},"12":{"loc":{"start":{"line":191,"column":16},"end":{"line":191,"column":43}},"type":"cond-expr","locations":[{"start":{"line":191,"column":38},"end":{"line":191,"column":39}},{"start":{"line":191,"column":42},"end":{"line":191,"column":43}}]},"13":{"loc":{"start":{"line":192,"column":15},"end":{"line":192,"column":47}},"type":"cond-expr","locations":[{"start":{"line":192,"column":42},"end":{"line":192,"column":43}},{"start":{"line":192,"column":46},"end":{"line":192,"column":47}}]},"14":{"loc":{"start":{"line":216,"column":2},"end":{"line":223,"column":3}},"type":"if","locations":[{"start":{"line":216,"column":2},"end":{"line":223,"column":3}},{"start":{},"end":{}}]}},"s":{"0":1,"1":1,"2":1,"3":1,"4":1,"5":1,"6":1,"7":1,"8":1,"9":1,"10":1,"11":7,"12":7,"13":7,"14":7,"15":7,"16":7,"17":7,"18":7,"19":7,"20":7,"21":7,"22":4,"23":4,"24":4,"25":4,"26":4,"27":8,"28":8,"29":3,"30":5,"31":2,"32":3,"33":0,"34":0,"35":0,"36":0,"37":0,"38":0,"39":0,"40":0,"41":0,"42":0,"43":0,"44":0,"45":0,"46":0,"47":0,"48":0,"49":0,"50":0,"51":0,"52":4,"53":3,"54":3,"55":1},"f":{"0":7,"1":4,"2":8,"3":0,"4":4},"b":{"0":[7,0],"1":[7,5],"2":[3,5],"3":[8,6,5],"4":[2,1],"5":[1,0],"6":[2,3],"7":[5,3,3],"8":[2,0],"9":[0,0],"10":[0,0,0],"11":[0,0],"12":[0,0],"13":[0,0],"14":[3,1]}}
,"/home/z/my-project/src/shared/core_functions/security.ts": {"path":"/home/z/my-project/src/shared/core_functions/security.ts","statementMap":{"0":{"start":{"line":34,"column":0},"end":{"line":34,"column":16}},"1":{"start":{"line":55,"column":0},"end":{"line":55,"column":16}},"2":{"start":{"line":116,"column":0},"end":{"line":116,"column":16}},"3":{"start":{"line":123,"column":0},"end":{"line":123,"column":16}},"4":{"start":{"line":140,"column":0},"end":{"line":140,"column":16}},"5":{"start":{"line":154,"column":0},"end":{"line":154,"column":16}},"6":{"start":{"line":164,"column":0},"end":{"line":164,"column":16}},"7":{"start":{"line":177,"column":0},"end":{"line":177,"column":16}},"8":{"start":{"line":182,"column":0},"end":{"line":182,"column":16}},"9":{"start":{"line":2,"column":0},"end":{"line":2,"column":33}},"10":{"start":{"line":3,"column":0},"end":{"line":3,"column":37}},"11":{"start":{"line":17,"column":2},"end":{"line":21,"column":23}},"12":{"start":{"line":26,"column":15},"end":{"line":26,"column":56}},"13":{"start":{"line":27,"column":2},"end":{"line":29,"column":3}},"14":{"start":{"line":28,"column":4},"end":{"line":28,"column":18}},"15":{"start":{"line":30,"column":2},"end":{"line":30,"column":57}},"16":{"start":{"line":35,"column":17},"end":{"line":35,"column":28}},"17":{"start":{"line":36,"column":14},"end":{"line":36,"column":43}},"18":{"start":{"line":39,"column":24},"end":{"line":39,"column":46}},"19":{"start":{"line":41,"column":19},"end":{"line":44,"column":null}},"20":{"start":{"line":47,"column":17},"end":{"line":47,"column":78}},"21":{"start":{"line":48,"column":25},"end":{"line":48,"column":69}},"22":{"start":{"line":49,"column":20},"end":{"line":49,"column":84}},"23":{"start":{"line":51,"column":2},"end":{"line":51,"column":52}},"24":{"start":{"line":56,"column":2},"end":{"line":82,"column":3}},"25":{"start":{"line":57,"column":18},"end":{"line":57,"column":34}},"26":{"start":{"line":58,"column":4},"end":{"line":60,"column":5}},"27":{"start":{"line":59,"column":6},"end":{"line":59,"column":18}},"28":{"start":{"line":62,"column":41},"end":{"line":62,"column":46}},"29":{"start":{"line":63,"column":19},"end":{"line":63,"column":30}},"30":{"start":{"line":66,"column":30},"end":{"line":66,"column":87}},"31":{"start":{"line":67,"column":4},"end":{"line":69,"column":5}},"32":{"start":{"line":68,"column":6},"end":{"line":68,"column":18}},"33":{"start":{"line":72,"column":20},"end":{"line":72,"column":70}},"34":{"start":{"line":75,"column":4},"end":{"line":77,"column":5}},"35":{"start":{"line":76,"column":6},"end":{"line":76,"column":18}},"36":{"start":{"line":79,"column":4},"end":{"line":79,"column":19}},"37":{"start":{"line":81,"column":4},"end":{"line":81,"column":16}},"38":{"start":{"line":87,"column":2},"end":{"line":93,"column":23}},"39":{"start":{"line":98,"column":16},"end":{"line":98,"column":50}},"40":{"start":{"line":99,"column":2},"end":{"line":101,"column":3}},"41":{"start":{"line":100,"column":4},"end":{"line":100,"column":17}},"42":{"start":{"line":103,"column":16},"end":{"line":103,"column":38}},"43":{"start":{"line":104,"column":15},"end":{"line":104,"column":23}},"44":{"start":{"line":106,"column":2},"end":{"line":112,"column":3}},"45":{"start":{"line":107,"column":14},"end":{"line":107,"column":27}},"46":{"start":{"line":108,"column":14},"end":{"line":108,"column":32}},"47":{"start":{"line":109,"column":14},"end":{"line":109,"column":34}},"48":{"start":{"line":110,"column":14},"end":{"line":110,"column":35}},"49":{"start":{"line":111,"column":13},"end":{"line":111,"column":26}},"50":{"start":{"line":117,"column":15},"end":{"line":117,"column":56}},"51":{"start":{"line":118,"column":15},"end":{"line":118,"column":102}},"52":{"start":{"line":119,"column":2},"end":{"line":119,"column":52}},"53":{"start":{"line":124,"column":16},"end":{"line":124,"column":41}},"54":{"start":{"line":125,"column":2},"end":{"line":127,"column":3}},"55":{"start":{"line":126,"column":4},"end":{"line":126,"column":17}},"56":{"start":{"line":129,"column":17},"end":{"line":129,"column":39}},"57":{"start":{"line":130,"column":15},"end":{"line":130,"column":23}},"58":{"start":{"line":131,"column":23},"end":{"line":131,"column":31}},"59":{"start":{"line":133,"column":18},"end":{"line":133,"column":105}},"60":{"start":{"line":136,"column":2},"end":{"line":136,"column":52}},"61":{"start":{"line":141,"column":2},"end":{"line":143,"column":3}},"62":{"start":{"line":142,"column":4},"end":{"line":142,"column":17}},"63":{"start":{"line":145,"column":15},"end":{"line":145,"column":16}},"64":{"start":{"line":146,"column":2},"end":{"line":148,"column":3}},"65":{"start":{"line":146,"column":15},"end":{"line":146,"column":16}},"66":{"start":{"line":147,"column":4},"end":{"line":147,"column":48}},"67":{"start":{"line":150,"column":2},"end":{"line":150,"column":22}},"68":{"start":{"line":155,"column":2},"end":{"line":160,"column":30}},"69":{"start":{"line":165,"column":22},"end":{"line":171,"column":4}},"70":{"start":{"line":173,"column":2},"end":{"line":173,"column":58}},"71":{"start":{"line":173,"column":37},"end":{"line":173,"column":56}},"72":{"start":{"line":178,"column":2},"end":{"line":178,"column":52}},"73":{"start":{"line":183,"column":19},"end":{"line":186,"column":18}},"74":{"start":{"line":188,"column":2},"end":{"line":188,"column":50}}},"fnMap":{"0":{"name":"base64UrlEncode","decl":{"start":{"line":16,"column":9},"end":{"line":16,"column":24}},"loc":{"start":{"line":16,"column":37},"end":{"line":22,"column":1}}},"1":{"name":"base64UrlDecode","decl":{"start":{"line":25,"column":9},"end":{"line":25,"column":24}},"loc":{"start":{"line":25,"column":36},"end":{"line":31,"column":1}}},"2":{"name":"encodeJWT","decl":{"start":{"line":34,"column":16},"end":{"line":34,"column":25}},"loc":{"start":{"line":34,"column":72},"end":{"line":52,"column":1}}},"3":{"name":"decodeJWT","decl":{"start":{"line":55,"column":16},"end":{"line":55,"column":25}},"loc":{"start":{"line":55,"column":39},"end":{"line":83,"column":1}}},"4":{"name":"createSignature","decl":{"start":{"line":86,"column":9},"end":{"line":86,"column":24}},"loc":{"start":{"line":86,"column":53},"end":{"line":94,"column":1}}},"5":{"name":"parseExpiry","decl":{"start":{"line":97,"column":9},"end":{"line":97,"column":20}},"loc":{"start":{"line":97,"column":38},"end":{"line":113,"column":1}}},"6":{"name":"hashPassword","decl":{"start":{"line":116,"column":16},"end":{"line":116,"column":28}},"loc":{"start":{"line":116,"column":66},"end":{"line":120,"column":1}}},"7":{"name":"verifyPassword","decl":{"start":{"line":123,"column":16},"end":{"line":123,"column":30}},"loc":{"start":{"line":123,"column":71},"end":{"line":137,"column":1}}},"8":{"name":"constantTimeCompare","decl":{"start":{"line":140,"column":16},"end":{"line":140,"column":35}},"loc":{"start":{"line":140,"column":56},"end":{"line":151,"column":1}}},"9":{"name":"sanitizeInput","decl":{"start":{"line":154,"column":16},"end":{"line":154,"column":29}},"loc":{"start":{"line":154,"column":43},"end":{"line":161,"column":1}}},"10":{"name":"hasSQLInjection","decl":{"start":{"line":164,"column":16},"end":{"line":164,"column":31}},"loc":{"start":{"line":164,"column":45},"end":{"line":174,"column":1}}},"11":{"name":"(anonymous_20)","decl":{"start":{"line":173,"column":26},"end":{"line":173,"column":33}},"loc":{"start":{"line":173,"column":37},"end":{"line":173,"column":56}}},"12":{"name":"generateSecureToken","decl":{"start":{"line":177,"column":16},"end":{"line":177,"column":35}},"loc":{"start":{"line":177,"column":55},"end":{"line":179,"column":1}}},"13":{"name":"verifyHMAC","decl":{"start":{"line":182,"column":16},"end":{"line":182,"column":26}},"loc":{"start":{"line":182,"column":86},"end":{"line":189,"column":1}}}},"branchMap":{"0":{"loc":{"start":{"line":34,"column":47},"end":{"line":34,"column":72}},"type":"default-arg","locations":[{"start":{"line":34,"column":67},"end":{"line":34,"column":72}}]},"1":{"loc":{"start":{"line":58,"column":4},"end":{"line":60,"column":5}},"type":"if","locations":[{"start":{"line":58,"column":4},"end":{"line":60,"column":5}},{"start":{},"end":{}}]},"2":{"loc":{"start":{"line":67,"column":4},"end":{"line":69,"column":5}},"type":"if","locations":[{"start":{"line":67,"column":4},"end":{"line":69,"column":5}},{"start":{},"end":{}}]},"3":{"loc":{"start":{"line":75,"column":4},"end":{"line":77,"column":5}},"type":"if","locations":[{"start":{"line":75,"column":4},"end":{"line":77,"column":5}},{"start":{},"end":{}}]},"4":{"loc":{"start":{"line":75,"column":8},"end":{"line":75,"column":66}},"type":"binary-expr","locations":[{"start":{"line":75,"column":8},"end":{"line":75,"column":19}},{"start":{"line":75,"column":23},"end":{"line":75,"column":66}}]},"5":{"loc":{"start":{"line":99,"column":2},"end":{"line":101,"column":3}},"type":"if","locations":[{"start":{"line":99,"column":2},"end":{"line":101,"column":3}},{"start":{},"end":{}}]},"6":{"loc":{"start":{"line":106,"column":2},"end":{"line":112,"column":3}},"type":"switch","locations":[{"start":{"line":107,"column":4},"end":{"line":107,"column":27}},{"start":{"line":108,"column":4},"end":{"line":108,"column":32}},{"start":{"line":109,"column":4},"end":{"line":109,"column":34}},{"start":{"line":110,"column":4},"end":{"line":110,"column":35}},{"start":{"line":111,"column":4},"end":{"line":111,"column":26}}]},"7":{"loc":{"start":{"line":116,"column":47},"end":{"line":116,"column":66}},"type":"default-arg","locations":[{"start":{"line":116,"column":64},"end":{"line":116,"column":66}}]},"8":{"loc":{"start":{"line":125,"column":2},"end":{"line":127,"column":3}},"type":"if","locations":[{"start":{"line":125,"column":2},"end":{"line":127,"column":3}},{"start":{},"end":{}}]},"9":{"loc":{"start":{"line":125,"column":6},"end":{"line":125,"column":56}},"type":"binary-expr","locations":[{"start":{"line":125,"column":6},"end":{"line":125,"column":24}},{"start":{"line":125,"column":28},"end":{"line":125,"column":56}}]},"10":{"loc":{"start":{"line":141,"column":2},"end":{"line":143,"column":3}},"type":"if","locations":[{"start":{"line":141,"column":2},"end":{"line":143,"column":3}},{"start":{},"end":{}}]},"11":{"loc":{"start":{"line":177,"column":36},"end":{"line":177,"column":55}},"type":"default-arg","locations":[{"start":{"line":177,"column":53},"end":{"line":177,"column":55}}]}},"s":{"0":1,"1":1,"2":1,"3":1,"4":1,"5":1,"6":1,"7":1,"8":1,"9":1,"10":1,"11":10,"12":4,"13":4,"14":4,"15":4,"16":5,"17":5,"18":5,"19":5,"20":5,"21":5,"22":5,"23":5,"24":7,"25":7,"26":7,"27":1,"28":6,"29":6,"30":6,"31":6,"32":2,"33":4,"34":4,"35":0,"36":4,"37":0,"38":11,"39":5,"40":5,"41":0,"42":5,"43":5,"44":5,"45":1,"46":0,"47":4,"48":0,"49":0,"50":6,"51":6,"52":6,"53":4,"54":4,"55":0,"56":4,"57":4,"58":4,"59":4,"60":4,"61":12,"62":2,"63":10,"64":10,"65":10,"66":510,"67":10,"68":3,"69":7,"70":7,"71":14,"72":4,"73":3,"74":3},"f":{"0":10,"1":4,"2":5,"3":7,"4":11,"5":5,"6":6,"7":4,"8":12,"9":3,"10":7,"11":14,"12":4,"13":3},"b":{"0":[3],"1":[1,6],"2":[2,4],"3":[0,4],"4":[4,4],"5":[0,5],"6":[1,0,4,0,0],"7":[6],"8":[0,4],"9":[4,4],"10":[2,10],"11":[3]}}
}
