TN:
SF:src/shared/core_functions/audit_trail.ts
FN:31,generateId
FN:36,calculateHash
FN:50,logAction
FN:113,validateChain
FN:114,(anonymous_13)
FN:151,getEntriesByClient
FN:153,(anonymous_15)
FN:154,(anonymous_16)
FN:158,getEntry
FN:163,entryExists
FN:168,getAllEntries
FN:170,(anonymous_20)
FN:174,clearAuditTrail
FN:180,exportAuditTrail
FNF:14
FNH:13
FNDA:41,generateId
FNDA:61,calculateHash
FNDA:41,logAction
FNDA:3,validateChain
FNDA:17,(anonymous_13)
FNDA:2,getEntriesByClient
FNDA:6,(anonymous_15)
FNDA:1,(anonymous_16)
FNDA:1,getEntry
FNDA:2,entryExists
FNDA:4,getAllEntries
FNDA:15,(anonymous_20)
FNDA:36,clearAuditTrail
FNDA:0,exportAuditTrail
DA:2,1
DA:3,1
DA:27,1
DA:28,1
DA:32,41
DA:37,61
DA:46,61
DA:50,1
DA:66,41
DA:68,41
DA:69,41
DA:71,41
DA:91,41
DA:92,41
DA:98,41
DA:101,41
DA:103,41
DA:109,41
DA:113,1
DA:114,3
DA:115,17
DA:118,3
DA:119,0
DA:122,3
DA:124,3
DA:126,20
DA:127,0
DA:135,20
DA:136,20
DA:137,0
DA:144,20
DA:147,3
DA:151,1
DA:152,2
DA:153,6
DA:154,1
DA:158,1
DA:159,1
DA:163,1
DA:164,2
DA:168,1
DA:169,4
DA:170,15
DA:174,1
DA:175,36
DA:176,36
DA:180,1
DA:181,0
DA:182,0
LF:49
LH:44
BRDA:118,0,0,0
BRDA:118,0,1,3
BRDA:126,1,0,0
BRDA:126,1,1,20
BRDA:136,2,0,0
BRDA:136,2,1,20
BRF:6
BRH:3
end_of_record
TN:
SF:src/shared/core_functions/compliance.ts
FN:10,anonymizePII
FN:15,(anonymous_1)
FN:26,maskPII
FN:61,isPastRetention
FN:66,(anonymous_4)
FN:80,getRetentionAction
FN:84,(anonymous_6)
FN:89,generateDataExport
FN:168,getJurisdictionRules
FN:188,isConsentValid
FN:210,hashIdentifier
FNF:11
FNH:10
FNDA:3,anonymizePII
FNDA:35,(anonymous_1)
FNDA:3,maskPII
FNDA:2,isPastRetention
FNDA:4,(anonymous_4)
FNDA:3,getRetentionAction
FNDA:8,(anonymous_6)
FNDA:0,generateDataExport
FNDA:9,getJurisdictionRules
FNDA:4,isConsentValid
FNDA:5,hashIdentifier
DA:2,1
DA:4,1
DA:7,1
DA:10,1
DA:11,3
DA:13,3
DA:14,8
DA:15,35
DA:17,8
DA:18,4
DA:22,3
DA:26,1
DA:27,3
DA:29,1
DA:30,1
DA:31,1
DA:32,1
DA:35,1
DA:38,1
DA:41,0
DA:52,1
DA:61,1
DA:66,4
DA:68,2
DA:69,0
DA:72,2
DA:73,2
DA:74,2
DA:76,2
DA:80,1
DA:84,8
DA:85,3
DA:89,1
DA:98,0
DA:109,0
DA:111,0
DA:124,1
DA:168,1
DA:170,9
DA:173,9
DA:174,8
DA:178,1
DA:179,1
DA:180,0
DA:184,1
DA:188,1
DA:193,4
DA:194,1
DA:197,3
DA:200,3
DA:201,2
DA:202,2
DA:203,2
DA:206,1
DA:210,1
DA:211,5
DA:212,5
LF:57
LH:51
BRDA:17,0,0,4
BRDA:17,0,1,4
BRDA:17,1,0,8
BRDA:17,1,1,4
BRDA:27,2,0,1
BRDA:27,2,1,1
BRDA:27,2,2,1
BRDA:27,2,3,0
BRDA:30,3,0,0
BRDA:30,3,1,1
BRDA:64,4,0,2
BRDA:68,5,0,0
BRDA:68,5,1,2
BRDA:82,6,0,3
BRDA:85,7,0,3
BRDA:85,7,1,0
BRDA:85,8,0,0
BRDA:85,8,1,3
BRDA:85,9,0,3
BRDA:85,9,1,3
BRDA:173,10,0,8
BRDA:173,10,1,1
BRDA:179,11,0,0
BRDA:179,11,1,1
BRDA:193,12,0,1
BRDA:193,12,1,3
BRDA:200,13,0,2
BRDA:200,13,1,1
BRDA:210,14,0,0
BRF:29
BRH:22
end_of_record
TN:
SF:src/shared/core_functions/config.ts
FN:28,loadConfig
FN:39,(anonymous_1)
FN:61,getConfig
FN:68,resetConfig
FNF:4
FNH:3
FNDA:3,loadConfig
FNDA:9,(anonymous_1)
FNDA:59,getConfig
FNDA:0,resetConfig
DA:28,4
DA:30,3
DA:32,3
DA:39,9
DA:40,3
DA:41,0
DA:44,3
DA:59,4
DA:61,4
DA:62,59
DA:63,3
DA:65,59
DA:68,4
DA:69,0
DA:73,4
LF:15
LH:13
BRDA:40,0,0,0
BRDA:40,0,1,3
BRDA:40,1,0,3
BRDA:40,1,1,3
BRDA:45,2,0,3
BRDA:45,2,1,0
BRDA:46,3,0,3
BRDA:46,3,1,3
BRDA:47,4,0,3
BRDA:47,4,1,3
BRDA:48,5,0,3
BRDA:48,5,1,3
BRDA:49,6,0,3
BRDA:49,6,1,3
BRDA:50,7,0,3
BRDA:50,7,1,3
BRDA:51,8,0,3
BRDA:51,8,1,0
BRDA:52,9,0,3
BRDA:52,9,1,3
BRDA:53,10,0,3
BRDA:53,10,1,3
BRDA:62,11,0,3
BRDA:62,11,1,56
BRF:24
BRH:21
end_of_record
TN:
SF:src/shared/core_functions/logger.ts
FN:25,(anonymous_0)
FN:30,(anonymous_1)
FN:34,(anonymous_2)
FN:46,(anonymous_3)
FN:60,(anonymous_4)
FN:67,(anonymous_5)
FN:71,(anonymous_6)
FN:75,(anonymous_7)
FN:91,createLogger
FN:98,getLogger
FN:102,resetLogger
FNF:11
FNH:6
FNDA:3,(anonymous_0)
FNDA:0,(anonymous_1)
FNDA:48,(anonymous_2)
FNDA:48,(anonymous_3)
FNDA:0,(anonymous_4)
FNDA:48,(anonymous_5)
FNDA:0,(anonymous_6)
FNDA:0,(anonymous_7)
FNDA:43,createLogger
FNDA:43,getLogger
FNDA:0,resetLogger
DA:2,3
DA:26,3
DA:27,3
DA:31,0
DA:35,48
DA:36,48
DA:47,48
DA:48,48
DA:50,0
DA:51,0
DA:53,0
DA:54,0
DA:56,48
DA:61,0
DA:62,0
DA:63,0
DA:68,48
DA:72,0
DA:76,0
DA:84,0
DA:89,3
DA:91,3
DA:92,43
DA:93,3
DA:95,43
DA:98,3
DA:99,43
DA:102,3
DA:103,0
DA:106,3
LF:30
LH:18
BRDA:25,0,0,3
BRDA:48,1,0,0
BRDA:48,1,1,0
BRDA:48,1,2,48
BRDA:62,2,0,0
BRDA:62,2,1,0
BRDA:76,3,0,0
BRDA:76,3,1,0
BRDA:92,4,0,3
BRDA:92,4,1,40
BRF:10
BRH:4
end_of_record
TN:
SF:src/shared/core_functions/pricing_optimizer.ts
FN:37,calculateStackVsUpgrade
FN:82,managerTimeCalculator
FN:97,tierRecommendationEngine
FN:157,calculateROI
FN:211,detectArbitrage
FNF:5
FNH:4
FNDA:7,calculateStackVsUpgrade
FNDA:4,managerTimeCalculator
FNDA:8,tierRecommendationEngine
FNDA:0,calculateROI
FNDA:4,detectArbitrage
DA:2,1
DA:4,1
DA:7,1
DA:32,1
DA:33,1
DA:34,1
DA:37,1
DA:48,7
DA:49,7
DA:51,7
DA:52,7
DA:54,7
DA:55,7
DA:58,7
DA:60,7
DA:61,7
DA:63,7
DA:70,7
DA:82,1
DA:87,4
DA:89,4
DA:90,4
DA:91,4
DA:93,4
DA:97,1
DA:111,8
DA:114,8
DA:115,3
DA:130,5
DA:131,2
DA:146,3
DA:157,1
DA:168,0
DA:170,0
DA:171,0
DA:174,0
DA:175,0
DA:177,0
DA:178,0
DA:180,0
DA:181,0
DA:183,0
DA:184,0
DA:188,0
DA:189,0
DA:195,0
DA:196,0
DA:197,0
DA:199,0
DA:200,0
DA:202,0
DA:211,1
DA:216,4
DA:217,3
DA:218,3
DA:225,1
LF:56
LH:37
BRDA:58,0,0,7
BRDA:58,0,1,0
BRDA:58,1,0,7
BRDA:58,1,1,5
BRDA:114,2,0,3
BRDA:114,2,1,5
BRDA:114,3,0,8
BRDA:114,3,1,6
BRDA:114,3,2,5
BRDA:117,4,0,2
BRDA:117,4,1,1
BRDA:119,5,0,1
BRDA:119,5,1,0
BRDA:130,6,0,2
BRDA:130,6,1,3
BRDA:130,7,0,5
BRDA:130,7,1,3
BRDA:130,7,2,3
BRDA:133,8,0,2
BRDA:133,8,1,0
BRDA:135,9,0,0
BRDA:135,9,1,0
BRDA:175,10,0,0
BRDA:175,10,1,0
BRDA:175,10,2,0
BRDA:190,11,0,0
BRDA:190,11,1,0
BRDA:191,12,0,0
BRDA:191,12,1,0
BRDA:192,13,0,0
BRDA:192,13,1,0
BRDA:216,14,0,3
BRDA:216,14,1,1
BRF:33
BRH:19
end_of_record
TN:
SF:src/shared/core_functions/security.ts
FN:16,base64UrlEncode
FN:25,base64UrlDecode
FN:34,encodeJWT
FN:55,decodeJWT
FN:86,createSignature
FN:97,parseExpiry
FN:116,hashPassword
FN:123,verifyPassword
FN:140,constantTimeCompare
FN:154,sanitizeInput
FN:164,hasSQLInjection
FN:173,(anonymous_20)
FN:177,generateSecureToken
FN:182,verifyHMAC
FNF:14
FNH:14
FNDA:10,base64UrlEncode
FNDA:4,base64UrlDecode
FNDA:5,encodeJWT
FNDA:7,decodeJWT
FNDA:11,createSignature
FNDA:5,parseExpiry
FNDA:6,hashPassword
FNDA:4,verifyPassword
FNDA:12,constantTimeCompare
FNDA:3,sanitizeInput
FNDA:7,hasSQLInjection
FNDA:14,(anonymous_20)
FNDA:4,generateSecureToken
FNDA:3,verifyHMAC
DA:2,1
DA:3,1
DA:17,10
DA:26,4
DA:27,4
DA:28,4
DA:30,4
DA:34,1
DA:35,5
DA:36,5
DA:39,5
DA:41,5
DA:47,5
DA:48,5
DA:49,5
DA:51,5
DA:55,1
DA:56,7
DA:57,7
DA:58,7
DA:59,1
DA:62,6
DA:63,6
DA:66,6
DA:67,6
DA:68,2
DA:72,4
DA:75,4
DA:76,0
DA:79,4
DA:81,0
DA:87,11
DA:98,5
DA:99,5
DA:100,0
DA:103,5
DA:104,5
DA:106,5
DA:107,1
DA:108,0
DA:109,4
DA:110,0
DA:111,0
DA:116,1
DA:117,6
DA:118,6
DA:119,6
DA:123,1
DA:124,4
DA:125,4
DA:126,0
DA:129,4
DA:130,4
DA:131,4
DA:133,4
DA:136,4
DA:140,1
DA:141,12
DA:142,2
DA:145,10
DA:146,10
DA:147,510
DA:150,10
DA:154,1
DA:155,3
DA:164,1
DA:165,7
DA:173,14
DA:177,1
DA:178,4
DA:182,1
DA:183,3
DA:188,3
LF:73
LH:66
BRDA:34,0,0,3
BRDA:58,1,0,1
BRDA:58,1,1,6
BRDA:67,2,0,2
BRDA:67,2,1,4
BRDA:75,3,0,0
BRDA:75,3,1,4
BRDA:75,4,0,4
BRDA:75,4,1,4
BRDA:99,5,0,0
BRDA:99,5,1,5
BRDA:106,6,0,1
BRDA:106,6,1,0
BRDA:106,6,2,4
BRDA:106,6,3,0
BRDA:106,6,4,0
BRDA:116,7,0,6
BRDA:125,8,0,0
BRDA:125,8,1,4
BRDA:125,9,0,4
BRDA:125,9,1,4
BRDA:141,10,0,2
BRDA:141,10,1,10
BRDA:177,11,0,3
BRF:24
BRH:18
end_of_record
